C:\Program Files (x86)\Microsoft Visual Studio\2017\Professional\Common7\IDE\VC\VCTargets\Microsoft.CppBuild.targets(387,5): warning MSB8028: The intermediate directory (Release\) contains files shared from another project (Project1.vcxproj).  This can lead to incorrect clean and rebuild behavior.
  Menu-Rehaul.cpp
Menu-Rehaul.cpp(50): warning C4018: '<': signed/unsigned mismatch
Menu-Rehaul.cpp(55): warning C4244: 'argument': conversion from 'int' to 'float', possible loss of data
Menu-Rehaul.cpp(66): warning C4244: 'argument': conversion from 'int' to 'float', possible loss of data
Menu-Rehaul.cpp(98): warning C4018: '<': signed/unsigned mismatch
Menu-Rehaul.cpp(99): warning C4244: 'argument': conversion from 'int' to 'float', possible loss of data
Menu-Rehaul.cpp(122): warning C4018: '<': signed/unsigned mismatch
Menu-Rehaul.cpp(169): warning C4018: '<': signed/unsigned mismatch
Menu-Rehaul.cpp(179): warning C4018: '<': signed/unsigned mismatch
Menu-Rehaul.cpp(215): warning C4018: '<': signed/unsigned mismatch
Menu-Rehaul.cpp(266): warning C4018: '<': signed/unsigned mismatch
Menu-Rehaul.cpp(437): warning C4018: '<': signed/unsigned mismatch
Menu-Rehaul.cpp(522): warning C4018: '<': signed/unsigned mismatch
Menu-Rehaul.cpp(525): warning C4018: '<': signed/unsigned mismatch
Menu-Rehaul.cpp(530): warning C4244: 'argument': conversion from 'int' to 'float', possible loss of data
Menu-Rehaul.cpp(531): warning C4018: '<': signed/unsigned mismatch
Menu-Rehaul.cpp(537): warning C4244: 'argument': conversion from 'int' to 'float', possible loss of data
Menu-Rehaul.cpp(539): warning C4244: 'argument': conversion from 'int' to 'float', possible loss of data
Menu-Rehaul.cpp(544): warning C4018: '<': signed/unsigned mismatch
Menu-Rehaul.cpp(561): warning C4018: '<': signed/unsigned mismatch
Menu-Rehaul.cpp(581): warning C4018: '<': signed/unsigned mismatch
Menu-Rehaul.cpp(593): warning C4018: '<': signed/unsigned mismatch
Menu-Rehaul.cpp(598): warning C4018: '<': signed/unsigned mismatch
Menu-Rehaul.cpp(603): warning C4018: '<': signed/unsigned mismatch
Menu-Rehaul.cpp(623): warning C4244: 'argument': conversion from 'int' to 'float', possible loss of data
Menu-Rehaul.cpp(654): warning C4244: 'argument': conversion from 'int' to 'float', possible loss of data
Menu-Rehaul.cpp(657): warning C4018: '<': signed/unsigned mismatch
Menu-Rehaul.cpp(672): warning C4018: '<': signed/unsigned mismatch
Menu-Rehaul.cpp(676): warning C4018: '<': signed/unsigned mismatch
Menu-Rehaul.cpp(683): warning C4244: 'argument': conversion from 'int' to 'float', possible loss of data
Menu-Rehaul.cpp(691): warning C4018: '<': signed/unsigned mismatch
Menu-Rehaul.cpp(721): warning C4244: 'argument': conversion from 'int' to 'float', possible loss of data
Menu-Rehaul.cpp(723): warning C4244: 'argument': conversion from 'int' to 'float', possible loss of data
Menu-Rehaul.cpp(724): warning C4244: 'argument': conversion from 'int' to 'float', possible loss of data
Menu-Rehaul.cpp(725): warning C4244: 'argument': conversion from 'int' to 'float', possible loss of data
Menu-Rehaul.cpp(726): warning C4244: 'argument': conversion from 'int' to 'float', possible loss of data
Menu-Rehaul.cpp(734): warning C4244: 'argument': conversion from 'int' to 'float', possible loss of data
Menu-Rehaul.cpp(739): warning C4018: '<': signed/unsigned mismatch
Menu-Rehaul.cpp(742): warning C4018: '<': signed/unsigned mismatch
Menu-Rehaul.cpp(794): warning C4244: 'argument': conversion from 'int' to 'float', possible loss of data
Menu-Rehaul.cpp(798): warning C4244: 'argument': conversion from 'double' to 'float', possible loss of data
Menu-Rehaul.cpp(801): warning C4018: '<': signed/unsigned mismatch
Menu-Rehaul.cpp(805): warning C4018: '<': signed/unsigned mismatch
Menu-Rehaul.cpp(848): warning C4244: 'argument': conversion from 'int' to 'float', possible loss of data
Menu-Rehaul.cpp(854): warning C4018: '<': signed/unsigned mismatch
Menu-Rehaul.cpp(900): warning C4244: 'argument': conversion from 'int' to 'float', possible loss of data
Menu-Rehaul.cpp(905): warning C4018: '<': signed/unsigned mismatch
Menu-Rehaul.cpp(953): warning C4244: 'argument': conversion from 'int' to 'float', possible loss of data
Menu-Rehaul.cpp(960): warning C4018: '<': signed/unsigned mismatch
Menu-Rehaul.cpp(996): warning C4244: 'argument': conversion from 'int' to 'float', possible loss of data
Menu-Rehaul.cpp(1004): warning C4244: 'argument': conversion from 'int' to 'float', possible loss of data
Menu-Rehaul.cpp(1015): warning C4244: 'argument': conversion from 'int' to 'float', possible loss of data
Menu-Rehaul.cpp(1023): warning C4244: 'argument': conversion from 'int' to 'float', possible loss of data
Menu-Rehaul.cpp(1038): warning C4244: 'argument': conversion from 'int' to 'float', possible loss of data
Menu-Rehaul.cpp(1043): warning C4018: '<': signed/unsigned mismatch
Menu-Rehaul.cpp(1125): warning C4244: 'argument': conversion from 'int' to 'float', possible loss of data
Menu-Rehaul.cpp(1131): warning C4018: '<': signed/unsigned mismatch
Menu-Rehaul.cpp(1135): warning C4018: '<': signed/unsigned mismatch
Menu-Rehaul.cpp(1197): warning C4018: '<': signed/unsigned mismatch
Menu-Rehaul.cpp(1204): warning C4018: '<': signed/unsigned mismatch
Menu-Rehaul.cpp(1211): warning C4018: '<': signed/unsigned mismatch
Menu-Rehaul.cpp(1227): warning C4018: '<': signed/unsigned mismatch
Menu-Rehaul.cpp(1236): warning C4244: 'argument': conversion from 'int' to 'float', possible loss of data
Menu-Rehaul.cpp(1242): warning C4018: '<': signed/unsigned mismatch
Menu-Rehaul.cpp(1257): warning C4244: 'argument': conversion from 'int' to 'float', possible loss of data
Menu-Rehaul.cpp(1263): warning C4018: '<': signed/unsigned mismatch
Menu-Rehaul.cpp(1271): warning C4018: '<': signed/unsigned mismatch
Menu-Rehaul.cpp(1279): warning C4018: '<': signed/unsigned mismatch
Menu-Rehaul.cpp(1335): warning C4244: 'argument': conversion from 'int' to 'float', possible loss of data
Menu-Rehaul.cpp(1351): warning C4018: '<': signed/unsigned mismatch
Menu-Rehaul.cpp(1410): warning C4244: 'argument': conversion from 'int' to 'float', possible loss of data
Menu-Rehaul.cpp(1419): warning C4244: 'argument': conversion from 'int' to 'float', possible loss of data
Menu-Rehaul.cpp(1431): warning C4244: 'argument': conversion from 'int' to 'float', possible loss of data
Menu-Rehaul.cpp(1440): warning C4244: 'argument': conversion from 'int' to 'float', possible loss of data
Menu-Rehaul.cpp(1464): warning C4244: 'argument': conversion from 'int' to 'float', possible loss of data
Menu-Rehaul.cpp(1473): warning C4244: 'argument': conversion from 'int' to 'float', possible loss of data
Menu-Rehaul.cpp(1480): warning C4244: 'argument': conversion from 'int' to 'float', possible loss of data
Menu-Rehaul.cpp(1489): warning C4244: 'argument': conversion from 'int' to 'float', possible loss of data
Menu-Rehaul.cpp(1496): warning C4244: 'argument': conversion from 'int' to 'float', possible loss of data
Menu-Rehaul.cpp(1505): warning C4244: 'argument': conversion from 'int' to 'float', possible loss of data
Menu-Rehaul.cpp(1512): warning C4244: 'argument': conversion from 'int' to 'float', possible loss of data
Menu-Rehaul.cpp(1521): warning C4244: 'argument': conversion from 'int' to 'float', possible loss of data
Menu-Rehaul.cpp(1552): warning C4244: 'argument': conversion from 'int' to 'float', possible loss of data
Menu-Rehaul.cpp(1561): warning C4244: 'argument': conversion from 'int' to 'float', possible loss of data
Menu-Rehaul.cpp(1572): warning C4244: 'argument': conversion from 'int' to 'float', possible loss of data
Menu-Rehaul.cpp(1585): warning C4244: 'argument': conversion from 'int' to 'float', possible loss of data
Menu-Rehaul.cpp(1598): warning C4244: 'argument': conversion from 'int' to 'float', possible loss of data
Menu-Rehaul.cpp(1611): warning C4244: 'argument': conversion from 'int' to 'float', possible loss of data
Menu-Rehaul.cpp(1622): warning C4244: 'initializing': conversion from 'double' to 'float', possible loss of data
Menu-Rehaul.cpp(1623): warning C4244: 'argument': conversion from 'float' to 'sf::Uint8', possible loss of data
Menu-Rehaul.cpp(1729): warning C4244: 'argument': conversion from 'int' to 'float', possible loss of data
  Generating code
  1 of 825 functions ( 0.1%) were compiled, the rest were copied from previous compilation.
    0 functions were new in current compilation
    0 functions had inline decision re-evaluated but remain unchanged
  Finished generating code
  Project1.vcxproj -> C:\Users\100721099\Documents\Visual Studio 2017\Projects\Project1\Release\SFML Space Breakout.exe
